<?xml version="1.0" encoding="UTF-8"?>
<!-- Generated by org.testng.reporters.JUnitXMLReporter -->
<testsuite ignored="1" hostname="DESKTOP-AF7TDR9" failures="0" tests="1" name="Default test" time="34.815" errors="0" timestamp="2020-12-22T22:00:40 IST">
  <testcase classname="com.crm.test.LoginPageTest" name="validateFreeCRMLoginTest" time="15.357"/>
  <testcase classname="com.crm.test.LoginPageTest" name="ValidateLoginPageTest" time="0.0">
    <ignored/>
  </testcase> <!-- ValidateLoginPageTest -->
</testsuite> <!-- Default test -->
